<?xml version="1.0" encoding="UTF-8"?>
<!-- Generated by org.testng.reporters.JUnitReportReporter -->
<testsuite hostname="LAPTOP-BKQ9G2PC" failures="0" tests="1" name="com.tutorialsninja.qa.testcases.LogoutTest" time="11.903" errors="0" timestamp="2024-02-27T20:58:49 IST" skipped="0">
  <testcase classname="com.tutorialsninja.qa.testcases.LogoutTest" name="VerifyLoggingOutAndBrowsingBack" time="11.903"/>
</testsuite> <!-- com.tutorialsninja.qa.testcases.LogoutTest -->
