<?xml version="1.0" encoding="UTF-8"?>
<!-- Generated by org.testng.reporters.JUnitReportReporter -->
<testsuite hostname="LAPTOP-BKQ9G2PC" failures="0" tests="1" name="com.tutorialsninja.qa.testcases.Tes" time="9.220" errors="0" timestamp="2024-02-26T18:58:10 IST" skipped="0">
  <testcase classname="com.tutorialsninja.qa.testcases.Tes" name="Demo" time="9.220"/>
</testsuite> <!-- com.tutorialsninja.qa.testcases.Tes -->
