<?xml version="1.0" encoding="UTF-8"?>
<!-- Generated by org.testng.reporters.JUnitReportReporter -->
<testsuite hostname="LAPTOP-BKQ9G2PC" failures="0" tests="3" name="com.tutorialsninja.qa.testcases.Search" time="16.138" errors="0" timestamp="2024-02-20T15:47:37 IST" skipped="0">
  <testcase classname="com.tutorialsninja.qa.testcases.Search" name="verifySearchWithValidProduct" time="4.886"/>
  <testcase classname="com.tutorialsninja.qa.testcases.Search" name="verifySearchWithInvalidProduct" time="6.360"/>
  <testcase classname="com.tutorialsninja.qa.testcases.Search" name="verifySearchWithoutAnyProduct" time="4.892"/>
</testsuite> <!-- com.tutorialsninja.qa.testcases.Search -->
