<?xml version="1.0" encoding="UTF-8"?>
<!-- Generated by org.testng.reporters.JUnitReportReporter -->
<testsuite hostname="LAPTOP-BKQ9G2PC" failures="0" tests="7" name="com.tutorialsninja.qa.testcases.Login" time="41.827" errors="0" timestamp="2024-02-20T15:47:37 IST" skipped="0">
  <testcase classname="com.tutorialsninja.qa.testcases.Login" name="verifyLoginWithValidCredentials" time="7.136"/>
  <testcase classname="com.tutorialsninja.qa.testcases.Login" name="verifyLoginWithValidCredentials" time="5.843"/>
  <testcase classname="com.tutorialsninja.qa.testcases.Login" name="verifyLoginWithValidCredentials" time="6.655"/>
  <testcase classname="com.tutorialsninja.qa.testcases.Login" name="verifyLoginWithInvalidCredentials" time="5.873"/>
  <testcase classname="com.tutorialsninja.qa.testcases.Login" name="verifyLoginWithInvalidEmailAndValidPassword" time="5.423"/>
  <testcase classname="com.tutorialsninja.qa.testcases.Login" name="verifyLoginWithEmailAndInValidPassword" time="5.453"/>
  <testcase classname="com.tutorialsninja.qa.testcases.Login" name="verifyLoginWithoutProvidingCredentials" time="5.444"/>
</testsuite> <!-- com.tutorialsninja.qa.testcases.Login -->
