<?xml version="1.0" encoding="UTF-8"?>
<!-- Generated by org.testng.reporters.JUnitReportReporter -->
<testsuite hostname="LAPTOP-BKQ9G2PC" failures="0" tests="1" name="com.tutorialsninja.qa.testcases.SearchTest" time="3.425" errors="0" timestamp="2024-03-06T13:51:48 IST" skipped="0">
  <testcase classname="com.tutorialsninja.qa.testcases.SearchTest" name="verifyProductAddedSucessfuly" time="3.425"/>
</testsuite> <!-- com.tutorialsninja.qa.testcases.SearchTest -->
