<?xml version="1.0" encoding="UTF-8"?>
<!-- Generated by org.testng.reporters.JUnitReportReporter -->
<testsuite hostname="LAPTOP-BKQ9G2PC" failures="0" tests="1" name="com.tutorialsninja.qa.testcases.SearchTest" time="4.192" errors="0" timestamp="2024-03-06T12:56:14 IST" skipped="0">
  <testcase classname="com.tutorialsninja.qa.testcases.SearchTest" name="verifyProductAddedSucessfuly" time="4.192"/>
</testsuite> <!-- com.tutorialsninja.qa.testcases.SearchTest -->
